Server running on port 3000
Catalog Detail Version 1 Get Request Successful
host: a483e7470e50.ant.amazon.com will now respond with 500.
Error: host: a483e7470e50.ant.amazon.com will now respond with 500.
    at /Users/sathayep/Documents/Project/eks-app-mesh-flagger-demo/apps/catalog_detail/app.js:26:10
    at Layer.handle [as handle_request] (/Users/sathayep/Documents/Project/eks-app-mesh-flagger-demo/apps/catalog_detail/node_modules/express/lib/router/layer.js:95:5)
    at next (/Users/sathayep/Documents/Project/eks-app-mesh-flagger-demo/apps/catalog_detail/node_modules/express/lib/router/route.js:137:13)
    at Route.dispatch (/Users/sathayep/Documents/Project/eks-app-mesh-flagger-demo/apps/catalog_detail/node_modules/express/lib/router/route.js:112:3)
    at Layer.handle [as handle_request] (/Users/sathayep/Documents/Project/eks-app-mesh-flagger-demo/apps/catalog_detail/node_modules/express/lib/router/layer.js:95:5)
    at /Users/sathayep/Documents/Project/eks-app-mesh-flagger-demo/apps/catalog_detail/node_modules/express/lib/router/index.js:281:22
    at Function.process_params (/Users/sathayep/Documents/Project/eks-app-mesh-flagger-demo/apps/catalog_detail/node_modules/express/lib/router/index.js:335:12)
    at next (/Users/sathayep/Documents/Project/eks-app-mesh-flagger-demo/apps/catalog_detail/node_modules/express/lib/router/index.js:275:10)
    at /Users/sathayep/Documents/Project/eks-app-mesh-flagger-demo/apps/catalog_detail/node_modules/aws-xray-sdk-express/lib/express_mw.js:44:23
    at Namespace.run (/Users/sathayep/Documents/Project/eks-app-mesh-flagger-demo/apps/catalog_detail/node_modules/cls-hooked/context.js:97:5)
/Users/sathayep/Documents/Project/eks-app-mesh-flagger-demo/apps/detail/app.js:28
   else {
   ^^^^

SyntaxError: Unexpected token 'else'
    at wrapSafe (node:internal/modules/cjs/loader:999:16)
    at Module._compile (node:internal/modules/cjs/loader:1047:27)
    at Object.Module._extensions..js (node:internal/modules/cjs/loader:1112:10)
    at Module.load (node:internal/modules/cjs/loader:948:32)
    at Function.Module._load (node:internal/modules/cjs/loader:789:14)
    at Function.executeUserEntryPoint [as runMain] (node:internal/modules/run_main:72:12)
    at node:internal/main/run_main_module:17:47
/Users/sathayep/Documents/Project/eks-app-mesh-flagger-demo/apps/detail/app.js:28
   else {
   ^^^^

SyntaxError: Unexpected token 'else'
    at wrapSafe (node:internal/modules/cjs/loader:999:16)
    at Module._compile (node:internal/modules/cjs/loader:1047:27)
    at Object.Module._extensions..js (node:internal/modules/cjs/loader:1112:10)
    at Module.load (node:internal/modules/cjs/loader:948:32)
    at Function.Module._load (node:internal/modules/cjs/loader:789:14)
    at Function.executeUserEntryPoint [as runMain] (node:internal/modules/run_main:72:12)
    at node:internal/main/run_main_module:17:47
/Users/sathayep/Documents/Project/eks-app-mesh-flagger-demo/apps/detail/app.js:32
   }
   ^

SyntaxError: missing ) after argument list
    at wrapSafe (node:internal/modules/cjs/loader:999:16)
    at Module._compile (node:internal/modules/cjs/loader:1047:27)
    at Object.Module._extensions..js (node:internal/modules/cjs/loader:1112:10)
    at Module.load (node:internal/modules/cjs/loader:948:32)
    at Function.Module._load (node:internal/modules/cjs/loader:789:14)
    at Function.executeUserEntryPoint [as runMain] (node:internal/modules/run_main:72:12)
    at node:internal/main/run_main_module:17:47
/Users/sathayep/Documents/Project/eks-app-mesh-flagger-demo/apps/detail/app.js:31
   }
   ^

SyntaxError: missing ) after argument list
    at wrapSafe (node:internal/modules/cjs/loader:999:16)
    at Module._compile (node:internal/modules/cjs/loader:1047:27)
    at Object.Module._extensions..js (node:internal/modules/cjs/loader:1112:10)
    at Module.load (node:internal/modules/cjs/loader:948:32)
    at Function.Module._load (node:internal/modules/cjs/loader:789:14)
    at Function.executeUserEntryPoint [as runMain] (node:internal/modules/run_main:72:12)
    at node:internal/main/run_main_module:17:47
/Users/sathayep/Documents/Project/eks-app-mesh-flagger-demo/apps/detail/app.js:32
   }
   ^

SyntaxError: missing ) after argument list
    at wrapSafe (node:internal/modules/cjs/loader:999:16)
    at Module._compile (node:internal/modules/cjs/loader:1047:27)
    at Object.Module._extensions..js (node:internal/modules/cjs/loader:1112:10)
    at Module.load (node:internal/modules/cjs/loader:948:32)
    at Function.Module._load (node:internal/modules/cjs/loader:789:14)
    at Function.executeUserEntryPoint [as runMain] (node:internal/modules/run_main:72:12)
    at node:internal/main/run_main_module:17:47
/Users/sathayep/Documents/Project/eks-app-mesh-flagger-demo/apps/detail/app.js:32
   }
   ^

SyntaxError: missing ) after argument list
    at wrapSafe (node:internal/modules/cjs/loader:999:16)
    at Module._compile (node:internal/modules/cjs/loader:1047:27)
    at Object.Module._extensions..js (node:internal/modules/cjs/loader:1112:10)
    at Module.load (node:internal/modules/cjs/loader:948:32)
    at Function.Module._load (node:internal/modules/cjs/loader:789:14)
    at Function.executeUserEntryPoint [as runMain] (node:internal/modules/run_main:72:12)
    at node:internal/main/run_main_module:17:47
/Users/sathayep/Documents/Project/eks-app-mesh-flagger-demo/apps/detail/app.js:32
   }
   ^

SyntaxError: missing ) after argument list
    at wrapSafe (node:internal/modules/cjs/loader:999:16)
    at Module._compile (node:internal/modules/cjs/loader:1047:27)
    at Object.Module._extensions..js (node:internal/modules/cjs/loader:1112:10)
    at Module.load (node:internal/modules/cjs/loader:948:32)
    at Function.Module._load (node:internal/modules/cjs/loader:789:14)
    at Function.executeUserEntryPoint [as runMain] (node:internal/modules/run_main:72:12)
    at node:internal/main/run_main_module:17:47
Server running on port 3000
Server running on port 3000
host: a483e7470e50.ant.amazon.com will now respond with 500.
Error: host: a483e7470e50.ant.amazon.com will now respond with 500.
    at /Users/sathayep/Documents/Project/eks-app-mesh-flagger-demo/apps/detail/app.js:38:10
    at Layer.handle [as handle_request] (/Users/sathayep/Documents/Project/eks-app-mesh-flagger-demo/apps/detail/node_modules/express/lib/router/layer.js:95:5)
    at next (/Users/sathayep/Documents/Project/eks-app-mesh-flagger-demo/apps/detail/node_modules/express/lib/router/route.js:137:13)
    at Route.dispatch (/Users/sathayep/Documents/Project/eks-app-mesh-flagger-demo/apps/detail/node_modules/express/lib/router/route.js:112:3)
    at Layer.handle [as handle_request] (/Users/sathayep/Documents/Project/eks-app-mesh-flagger-demo/apps/detail/node_modules/express/lib/router/layer.js:95:5)
    at /Users/sathayep/Documents/Project/eks-app-mesh-flagger-demo/apps/detail/node_modules/express/lib/router/index.js:281:22
    at Function.process_params (/Users/sathayep/Documents/Project/eks-app-mesh-flagger-demo/apps/detail/node_modules/express/lib/router/index.js:335:12)
    at next (/Users/sathayep/Documents/Project/eks-app-mesh-flagger-demo/apps/detail/node_modules/express/lib/router/index.js:275:10)
    at /Users/sathayep/Documents/Project/eks-app-mesh-flagger-demo/apps/detail/node_modules/aws-xray-sdk-express/lib/express_mw.js:44:23
    at Namespace.run (/Users/sathayep/Documents/Project/eks-app-mesh-flagger-demo/apps/detail/node_modules/cls-hooked/context.js:97:5)
node:internal/modules/cjs/loader:903
  throw err;
  ^

Error: Cannot find module '/Users/sathayep/Documents/Project/eks-app-mesh-flagger-demo/apps/detail/app1.js'
    at Function.Module._resolveFilename (node:internal/modules/cjs/loader:900:15)
    at Function.Module._load (node:internal/modules/cjs/loader:745:27)
    at Function.executeUserEntryPoint [as runMain] (node:internal/modules/run_main:72:12)
    at node:internal/main/run_main_module:17:47 {
  code: 'MODULE_NOT_FOUND',
  requireStack: []
}
node:internal/modules/cjs/loader:903
  throw err;
  ^

Error: Cannot find module '/Users/sathayep/Documents/Project/eks-app-mesh-flagger-demo/apps/detail/app1.js'
    at Function.Module._resolveFilename (node:internal/modules/cjs/loader:900:15)
    at Function.Module._load (node:internal/modules/cjs/loader:745:27)
    at Function.executeUserEntryPoint [as runMain] (node:internal/modules/run_main:72:12)
    at node:internal/main/run_main_module:17:47 {
  code: 'MODULE_NOT_FOUND',
  requireStack: []
}
Server running on port 3000
Server running on port 3000
/Users/sathayep/Documents/Project/eks-app-mesh-flagger-demo/apps/detail/app3.js:19
                 "vendors":[ "ABC.com", "XYZ.com". "PQR.com" ]
                                                   ^^^^^^^^^

SyntaxError: Unexpected string
    at wrapSafe (node:internal/modules/cjs/loader:999:16)
    at Module._compile (node:internal/modules/cjs/loader:1047:27)
    at Object.Module._extensions..js (node:internal/modules/cjs/loader:1112:10)
    at Module.load (node:internal/modules/cjs/loader:948:32)
    at Function.Module._load (node:internal/modules/cjs/loader:789:14)
    at Function.executeUserEntryPoint [as runMain] (node:internal/modules/run_main:72:12)
    at node:internal/main/run_main_module:17:47
/Users/sathayep/Documents/Project/eks-app-mesh-flagger-demo/apps/detail/app3.js:19
                 "vendors":[ "ABC.com", "XYZ.com". "PQR.com" ]
                                                   ^^^^^^^^^

SyntaxError: Unexpected string
    at wrapSafe (node:internal/modules/cjs/loader:999:16)
    at Module._compile (node:internal/modules/cjs/loader:1047:27)
    at Object.Module._extensions..js (node:internal/modules/cjs/loader:1112:10)
    at Module.load (node:internal/modules/cjs/loader:948:32)
    at Function.Module._load (node:internal/modules/cjs/loader:789:14)
    at Function.executeUserEntryPoint [as runMain] (node:internal/modules/run_main:72:12)
    at node:internal/main/run_main_module:17:47
/Users/sathayep/Documents/Project/eks-app-mesh-flagger-demo/apps/detail/app3.js:19
                 "vendors":[ "ABC.com", "XYZ.com". "PQR.com" ]
                                                   ^^^^^^^^^

SyntaxError: Unexpected string
    at wrapSafe (node:internal/modules/cjs/loader:999:16)
    at Module._compile (node:internal/modules/cjs/loader:1047:27)
    at Object.Module._extensions..js (node:internal/modules/cjs/loader:1112:10)
    at Module.load (node:internal/modules/cjs/loader:948:32)
    at Function.Module._load (node:internal/modules/cjs/loader:789:14)
    at Function.executeUserEntryPoint [as runMain] (node:internal/modules/run_main:72:12)
    at node:internal/main/run_main_module:17:47
/Users/sathayep/Documents/Project/eks-app-mesh-flagger-demo/apps/detail/app3.js:19
                 "vendors":[ "ABC.com", "XYZ.com". "PQR.com" ]
                                                   ^^^^^^^^^

SyntaxError: Unexpected string
    at wrapSafe (node:internal/modules/cjs/loader:999:16)
    at Module._compile (node:internal/modules/cjs/loader:1047:27)
    at Object.Module._extensions..js (node:internal/modules/cjs/loader:1112:10)
    at Module.load (node:internal/modules/cjs/loader:948:32)
    at Function.Module._load (node:internal/modules/cjs/loader:789:14)
    at Function.executeUserEntryPoint [as runMain] (node:internal/modules/run_main:72:12)
    at node:internal/main/run_main_module:17:47
/Users/sathayep/Documents/Project/eks-app-mesh-flagger-demo/apps/detail/app3.js:19
                 "vendors":[ "ABC.com", "XYZ.com". "PQR.com" ]
                                                   ^^^^^^^^^

SyntaxError: Unexpected string
    at wrapSafe (node:internal/modules/cjs/loader:999:16)
    at Module._compile (node:internal/modules/cjs/loader:1047:27)
    at Object.Module._extensions..js (node:internal/modules/cjs/loader:1112:10)
    at Module.load (node:internal/modules/cjs/loader:948:32)
    at Function.Module._load (node:internal/modules/cjs/loader:789:14)
    at Function.executeUserEntryPoint [as runMain] (node:internal/modules/run_main:72:12)
    at node:internal/main/run_main_module:17:47
Server running on port 3000
Server running on port 3000
Server running on port 3000
Catalog Detail Version 3 Get Request Successful
Server running on port 3000
Server running on port 3000
Server running on port 3000
Server running on port 3000
Catalog Detail Version 1 Get Request Successful
host: a483e7470e50.ant.amazon.com will now respond with 500.
Error: host: a483e7470e50.ant.amazon.com will now respond with 500.
    at /Users/sathayep/Documents/Project/eks-app-mesh-flagger-demo/apps/detail/app.js:32:10
    at Layer.handle [as handle_request] (/Users/sathayep/Documents/Project/eks-app-mesh-flagger-demo/apps/detail/node_modules/express/lib/router/layer.js:95:5)
    at next (/Users/sathayep/Documents/Project/eks-app-mesh-flagger-demo/apps/detail/node_modules/express/lib/router/route.js:137:13)
    at Route.dispatch (/Users/sathayep/Documents/Project/eks-app-mesh-flagger-demo/apps/detail/node_modules/express/lib/router/route.js:112:3)
    at Layer.handle [as handle_request] (/Users/sathayep/Documents/Project/eks-app-mesh-flagger-demo/apps/detail/node_modules/express/lib/router/layer.js:95:5)
    at /Users/sathayep/Documents/Project/eks-app-mesh-flagger-demo/apps/detail/node_modules/express/lib/router/index.js:281:22
    at Function.process_params (/Users/sathayep/Documents/Project/eks-app-mesh-flagger-demo/apps/detail/node_modules/express/lib/router/index.js:335:12)
    at next (/Users/sathayep/Documents/Project/eks-app-mesh-flagger-demo/apps/detail/node_modules/express/lib/router/index.js:275:10)
    at /Users/sathayep/Documents/Project/eks-app-mesh-flagger-demo/apps/detail/node_modules/aws-xray-sdk-express/lib/express_mw.js:44:23
    at Namespace.run (/Users/sathayep/Documents/Project/eks-app-mesh-flagger-demo/apps/detail/node_modules/cls-hooked/context.js:97:5)
Catalog Detail Version 1 Get Request Successful
Catalog Detail Version 1 Get Request Successful
Server running on port 3000
Catalog Detail Version 1 Get Request Successful
ReferenceError: print is not defined
    at /Users/sathayep/Documents/Project/eks-app-mesh-flagger-demo/apps/detail/app.js:15:3
    at Layer.handle [as handle_request] (/Users/sathayep/Documents/Project/eks-app-mesh-flagger-demo/apps/detail/node_modules/express/lib/router/layer.js:95:5)
    at next (/Users/sathayep/Documents/Project/eks-app-mesh-flagger-demo/apps/detail/node_modules/express/lib/router/route.js:137:13)
    at Route.dispatch (/Users/sathayep/Documents/Project/eks-app-mesh-flagger-demo/apps/detail/node_modules/express/lib/router/route.js:112:3)
    at Layer.handle [as handle_request] (/Users/sathayep/Documents/Project/eks-app-mesh-flagger-demo/apps/detail/node_modules/express/lib/router/layer.js:95:5)
    at /Users/sathayep/Documents/Project/eks-app-mesh-flagger-demo/apps/detail/node_modules/express/lib/router/index.js:281:22
    at Function.process_params (/Users/sathayep/Documents/Project/eks-app-mesh-flagger-demo/apps/detail/node_modules/express/lib/router/index.js:335:12)
    at next (/Users/sathayep/Documents/Project/eks-app-mesh-flagger-demo/apps/detail/node_modules/express/lib/router/index.js:275:10)
    at /Users/sathayep/Documents/Project/eks-app-mesh-flagger-demo/apps/detail/node_modules/aws-xray-sdk-express/lib/express_mw.js:44:23
    at Namespace.run (/Users/sathayep/Documents/Project/eks-app-mesh-flagger-demo/apps/detail/node_modules/cls-hooked/context.js:97:5)
